<?xml version="1.0" encoding="UTF-8"?>
<!-- Generated by org.testng.reporters.JUnitReportReporter -->
<testsuite hostname="E0881323" failures="0" tests="3" name="com.qacart.todo.testcases.TodoTest" time="32.808" errors="0" timestamp="2024-01-23T13:23:25 EET" skipped="1">
  <testcase classname="com.qacart.todo.testcases.TodoTest" name="shouldBeAbleToAddToDo" time="16.326"/>
  <testcase classname="com.qacart.todo.testcases.TodoTest" name="shouldBeAbleToDelete" time="16.482"/>
  <testcase classname="com.qacart.todo.testcases.TodoTest" name="uiShouldBeDisplayedWellAndBackButtonShouldWorkCorrectly">
    <skipped/>
  </testcase> <!-- uiShouldBeDisplayedWellAndBackButtonShouldWorkCorrectly -->
</testsuite> <!-- com.qacart.todo.testcases.TodoTest -->
